  [1m[35m (195.9ms)[0m  [1m[35mCREATE DATABASE "sandwhichapp_development" ENCODING = 'unicode'[0m
  [1m[35m (94.4ms)[0m  [1m[35mCREATE DATABASE "sandwhichapp_test" ENCODING = 'unicode'[0m
  [1m[35m (15.1ms)[0m  [1m[35mCREATE TABLE "schema_migrations" ("version" character varying NOT NULL PRIMARY KEY)[0m
  [1m[35m (6.3ms)[0m  [1m[35mCREATE TABLE "ar_internal_metadata" ("key" character varying NOT NULL PRIMARY KEY, "value" character varying, "created_at" timestamp(6) NOT NULL, "updated_at" timestamp(6) NOT NULL)[0m
  [1m[35m (0.3ms)[0m  [1m[34mSELECT pg_try_advisory_lock(2756105943659832540)[0m
  [1m[35m (3.2ms)[0m  [1m[34mSELECT "schema_migrations"."version" FROM "schema_migrations" ORDER BY "schema_migrations"."version" ASC[0m
Migrating to CreateCheese (20201118234410)
  [1m[35m (0.2ms)[0m  [1m[35mBEGIN[0m
  [1m[35m (13.2ms)[0m  [1m[35mCREATE TABLE "cheeses" ("id" bigserial primary key, "name" character varying)[0m
  [1m[36mprimary::SchemaMigration Create (0.7ms)[0m  [1m[32mINSERT INTO "schema_migrations" ("version") VALUES ($1) RETURNING "version"[0m  [["version", "20201118234410"]]
  [1m[35m (0.9ms)[0m  [1m[35mCOMMIT[0m
  [1m[36mActiveRecord::InternalMetadata Load (0.8ms)[0m  [1m[34mSELECT "ar_internal_metadata".* FROM "ar_internal_metadata" WHERE "ar_internal_metadata"."key" = $1 LIMIT $2[0m  [["key", "environment"], ["LIMIT", 1]]
  [1m[35m (0.2ms)[0m  [1m[35mBEGIN[0m
  [1m[36mActiveRecord::InternalMetadata Create (1.8ms)[0m  [1m[32mINSERT INTO "ar_internal_metadata" ("key", "value", "created_at", "updated_at") VALUES ($1, $2, $3, $4) RETURNING "key"[0m  [["key", "environment"], ["value", "development"], ["created_at", "2020-11-18 23:45:13.714908"], ["updated_at", "2020-11-18 23:45:13.714908"]]
  [1m[35m (0.3ms)[0m  [1m[35mCOMMIT[0m
  [1m[35m (0.5ms)[0m  [1m[34mSELECT pg_advisory_unlock(2756105943659832540)[0m
  [1m[35m (0.8ms)[0m  [1m[34mSELECT "schema_migrations"."version" FROM "schema_migrations" ORDER BY "schema_migrations"."version" ASC[0m
  [1m[35m (0.2ms)[0m  [1m[34mSELECT pg_try_advisory_lock(2756105943659832540)[0m
  [1m[35m (0.9ms)[0m  [1m[34mSELECT "schema_migrations"."version" FROM "schema_migrations" ORDER BY "schema_migrations"."version" ASC[0m
Migrating to CreateSandwhich (20201118234840)
  [1m[35m (0.2ms)[0m  [1m[35mBEGIN[0m
  [1m[35m (8.3ms)[0m  [1m[35mCREATE TABLE "sandwhiches" ("id" bigserial primary key, "name" character varying)[0m
  [1m[36mprimary::SchemaMigration Create (0.5ms)[0m  [1m[32mINSERT INTO "schema_migrations" ("version") VALUES ($1) RETURNING "version"[0m  [["version", "20201118234840"]]
  [1m[35m (0.5ms)[0m  [1m[35mCOMMIT[0m
  [1m[36mActiveRecord::InternalMetadata Load (0.4ms)[0m  [1m[34mSELECT "ar_internal_metadata".* FROM "ar_internal_metadata" WHERE "ar_internal_metadata"."key" = $1 LIMIT $2[0m  [["key", "environment"], ["LIMIT", 1]]
  [1m[35m (0.4ms)[0m  [1m[34mSELECT pg_advisory_unlock(2756105943659832540)[0m
  [1m[35m (0.9ms)[0m  [1m[34mSELECT "schema_migrations"."version" FROM "schema_migrations" ORDER BY "schema_migrations"."version" ASC[0m
  [1m[35m (0.3ms)[0m  [1m[34mSELECT pg_try_advisory_lock(2756105943659832540)[0m
  [1m[35m (0.7ms)[0m  [1m[34mSELECT "schema_migrations"."version" FROM "schema_migrations" ORDER BY "schema_migrations"."version" ASC[0m
Migrating to AddRelationships (20201119000105)
  [1m[35m (0.1ms)[0m  [1m[35mBEGIN[0m
  [1m[35m (5.5ms)[0m  [1m[35mALTER TABLE "cheeses" ADD "sandwhich_id" integer[0m
  [1m[35m (0.6ms)[0m  [1m[35mALTER TABLE "sandwhiches" ADD "cheese_id" integer[0m
  [1m[36mprimary::SchemaMigration Create (0.6ms)[0m  [1m[32mINSERT INTO "schema_migrations" ("version") VALUES ($1) RETURNING "version"[0m  [["version", "20201119000105"]]
  [1m[35m (1.0ms)[0m  [1m[35mCOMMIT[0m
  [1m[36mActiveRecord::InternalMetadata Load (0.5ms)[0m  [1m[34mSELECT "ar_internal_metadata".* FROM "ar_internal_metadata" WHERE "ar_internal_metadata"."key" = $1 LIMIT $2[0m  [["key", "environment"], ["LIMIT", 1]]
  [1m[35m (0.4ms)[0m  [1m[34mSELECT pg_advisory_unlock(2756105943659832540)[0m
  [1m[35m (0.9ms)[0m  [1m[34mSELECT "schema_migrations"."version" FROM "schema_migrations" ORDER BY "schema_migrations"."version" ASC[0m
  [1m[35m (0.9ms)[0m  [1m[34mSELECT "schema_migrations"."version" FROM "schema_migrations" ORDER BY "schema_migrations"."version" ASC[0m
  [1m[35m (0.8ms)[0m  [1m[34mSELECT "schema_migrations"."version" FROM "schema_migrations" ORDER BY "schema_migrations"."version" ASC[0m
  [1m[36mCheese Load (1.3ms)[0m  [1m[34mSELECT "cheeses".* FROM "cheeses" LIMIT $1[0m  [["LIMIT", 11]]
  [1m[36mCheese Load (0.3ms)[0m  [1m[34mSELECT "cheeses".* FROM "cheeses" LIMIT $1[0m  [["LIMIT", 11]]
  [1m[36mSandwhich Load (1.6ms)[0m  [1m[34mSELECT "sandwhiches".* FROM "sandwhiches" LIMIT $1[0m  [["LIMIT", 11]]
  [1m[36mSandwhich Load (0.2ms)[0m  [1m[34mSELECT "sandwhiches".* FROM "sandwhiches" LIMIT $1[0m  [["LIMIT", 11]]
  [1m[35m (0.8ms)[0m  [1m[34mSELECT "schema_migrations"."version" FROM "schema_migrations" ORDER BY "schema_migrations"."version" ASC[0m
  [1m[35m (0.2ms)[0m  [1m[35mBEGIN[0m
  [1m[36mSandwhich Create (2.9ms)[0m  [1m[32mINSERT INTO "sandwhiches" ("name") VALUES ($1) RETURNING "id"[0m  [["name", "Mozzarella Sandwhich"]]
  [1m[36mCheese Create (1.1ms)[0m  [1m[32mINSERT INTO "cheeses" ("name", "sandwhich_id") VALUES ($1, $2) RETURNING "id"[0m  [["name", "Mozzarella"], ["sandwhich_id", 1]]
  [1m[36mSandwhich Update (0.4ms)[0m  [1m[33mUPDATE "sandwhiches" SET "cheese_id" = $1 WHERE "sandwhiches"."id" = $2[0m  [["cheese_id", 1], ["id", 1]]
  [1m[35m (3.7ms)[0m  [1m[35mCOMMIT[0m
  [1m[36mSandwhich Load (0.4ms)[0m  [1m[34mSELECT "sandwhiches".* FROM "sandwhiches" LIMIT $1[0m  [["LIMIT", 11]]
  [1m[36mSandwhich Load (0.3ms)[0m  [1m[34mSELECT "sandwhiches".* FROM "sandwhiches" LIMIT $1[0m  [["LIMIT", 11]]
  [1m[36mCheese Load (0.4ms)[0m  [1m[34mSELECT "cheeses".* FROM "cheeses" LIMIT $1[0m  [["LIMIT", 11]]
  [1m[36mCheese Load (0.4ms)[0m  [1m[34mSELECT "cheeses".* FROM "cheeses" LIMIT $1[0m  [["LIMIT", 11]]
